<?xml version="1.0" encoding="UTF-8"?>
<!-- Generated by org.testng.reporters.JUnitReportReporter -->
<testsuite skipped="0" hostname="LAPTOP-3RN7TLQT" name="Framework.project.Day1" tests="2" failures="0" timestamp="2020-08-19T15:51:42 IST" time="0.007" errors="0">
  <testcase name="loanssignup" time="0.000" classname="Framework.project.Day1"/>
  <system-out/>
  <testcase name="loanssignin" time="0.007" classname="Framework.project.Day1"/>
  <system-out/>
</testsuite> <!-- Framework.project.Day1 -->
